<?xml version="1.0" encoding="UTF-8"?>
<testsuite xmlns:xsi="http://www.w3.org/2001/XMLSchema-instance" xsi:noNamespaceSchemaLocation="https://maven.apache.org/surefire/maven-surefire-plugin/xsd/surefire-test-report.xsd" name="com.amway.periodservice.PeriodserviceApplicationTests" time="4.651" tests="1" errors="0" skipped="0" failures="0">
  <properties>
    <property name="sun.desktop" value="gnome"/>
    <property name="awt.toolkit" value="sun.awt.X11.XToolkit"/>
    <property name="java.specification.version" value="10"/>
    <property name="file.encoding.pkg" value="sun.io"/>
    <property name="sun.cpu.isalist" value=""/>
    <property name="sun.jnu.encoding" value="UTF-8"/>
    <property name="java.class.path" value="/home/kafka/Documents/ws/periodservice/target/test-classes:/home/kafka/Documents/ws/periodservice/target/classes:/home/kafka/.m2/repository/org/springframework/boot/spring-boot-starter-web/2.1.1.RELEASE/spring-boot-starter-web-2.1.1.RELEASE.jar:/home/kafka/.m2/repository/org/springframework/boot/spring-boot-starter/2.1.1.RELEASE/spring-boot-starter-2.1.1.RELEASE.jar:/home/kafka/.m2/repository/org/springframework/boot/spring-boot-starter-logging/2.1.1.RELEASE/spring-boot-starter-logging-2.1.1.RELEASE.jar:/home/kafka/.m2/repository/ch/qos/logback/logback-classic/1.2.3/logback-classic-1.2.3.jar:/home/kafka/.m2/repository/ch/qos/logback/logback-core/1.2.3/logback-core-1.2.3.jar:/home/kafka/.m2/repository/org/apache/logging/log4j/log4j-to-slf4j/2.11.1/log4j-to-slf4j-2.11.1.jar:/home/kafka/.m2/repository/org/apache/logging/log4j/log4j-api/2.11.1/log4j-api-2.11.1.jar:/home/kafka/.m2/repository/org/slf4j/jul-to-slf4j/1.7.25/jul-to-slf4j-1.7.25.jar:/home/kafka/.m2/repository/javax/annotation/javax.annotation-api/1.3.2/javax.annotation-api-1.3.2.jar:/home/kafka/.m2/repository/org/yaml/snakeyaml/1.23/snakeyaml-1.23.jar:/home/kafka/.m2/repository/org/springframework/boot/spring-boot-starter-json/2.1.1.RELEASE/spring-boot-starter-json-2.1.1.RELEASE.jar:/home/kafka/.m2/repository/com/fasterxml/jackson/core/jackson-databind/2.9.7/jackson-databind-2.9.7.jar:/home/kafka/.m2/repository/com/fasterxml/jackson/core/jackson-annotations/2.9.0/jackson-annotations-2.9.0.jar:/home/kafka/.m2/repository/com/fasterxml/jackson/core/jackson-core/2.9.7/jackson-core-2.9.7.jar:/home/kafka/.m2/repository/com/fasterxml/jackson/datatype/jackson-datatype-jdk8/2.9.7/jackson-datatype-jdk8-2.9.7.jar:/home/kafka/.m2/repository/com/fasterxml/jackson/datatype/jackson-datatype-jsr310/2.9.7/jackson-datatype-jsr310-2.9.7.jar:/home/kafka/.m2/repository/com/fasterxml/jackson/module/jackson-module-parameter-names/2.9.7/jackson-module-parameter-names-2.9.7.jar:/home/kafka/.m2/repository/org/springframework/boot/spring-boot-starter-tomcat/2.1.1.RELEASE/spring-boot-starter-tomcat-2.1.1.RELEASE.jar:/home/kafka/.m2/repository/org/apache/tomcat/embed/tomcat-embed-core/9.0.13/tomcat-embed-core-9.0.13.jar:/home/kafka/.m2/repository/org/apache/tomcat/embed/tomcat-embed-el/9.0.13/tomcat-embed-el-9.0.13.jar:/home/kafka/.m2/repository/org/apache/tomcat/embed/tomcat-embed-websocket/9.0.13/tomcat-embed-websocket-9.0.13.jar:/home/kafka/.m2/repository/org/hibernate/validator/hibernate-validator/6.0.13.Final/hibernate-validator-6.0.13.Final.jar:/home/kafka/.m2/repository/javax/validation/validation-api/2.0.1.Final/validation-api-2.0.1.Final.jar:/home/kafka/.m2/repository/org/jboss/logging/jboss-logging/3.3.2.Final/jboss-logging-3.3.2.Final.jar:/home/kafka/.m2/repository/com/fasterxml/classmate/1.4.0/classmate-1.4.0.jar:/home/kafka/.m2/repository/org/springframework/spring-web/5.1.3.RELEASE/spring-web-5.1.3.RELEASE.jar:/home/kafka/.m2/repository/org/springframework/spring-beans/5.1.3.RELEASE/spring-beans-5.1.3.RELEASE.jar:/home/kafka/.m2/repository/org/springframework/spring-webmvc/5.1.3.RELEASE/spring-webmvc-5.1.3.RELEASE.jar:/home/kafka/.m2/repository/org/springframework/spring-aop/5.1.3.RELEASE/spring-aop-5.1.3.RELEASE.jar:/home/kafka/.m2/repository/org/springframework/spring-context/5.1.3.RELEASE/spring-context-5.1.3.RELEASE.jar:/home/kafka/.m2/repository/org/springframework/spring-expression/5.1.3.RELEASE/spring-expression-5.1.3.RELEASE.jar:/home/kafka/.m2/repository/org/springframework/boot/spring-boot-starter-test/2.1.1.RELEASE/spring-boot-starter-test-2.1.1.RELEASE.jar:/home/kafka/.m2/repository/org/springframework/boot/spring-boot-test/2.1.1.RELEASE/spring-boot-test-2.1.1.RELEASE.jar:/home/kafka/.m2/repository/org/springframework/boot/spring-boot-test-autoconfigure/2.1.1.RELEASE/spring-boot-test-autoconfigure-2.1.1.RELEASE.jar:/home/kafka/.m2/repository/com/jayway/jsonpath/json-path/2.4.0/json-path-2.4.0.jar:/home/kafka/.m2/repository/net/minidev/json-smart/2.3/json-smart-2.3.jar:/home/kafka/.m2/repository/net/minidev/accessors-smart/1.2/accessors-smart-1.2.jar:/home/kafka/.m2/repository/org/ow2/asm/asm/5.0.4/asm-5.0.4.jar:/home/kafka/.m2/repository/org/slf4j/slf4j-api/1.7.25/slf4j-api-1.7.25.jar:/home/kafka/.m2/repository/junit/junit/4.12/junit-4.12.jar:/home/kafka/.m2/repository/org/assertj/assertj-core/3.11.1/assertj-core-3.11.1.jar:/home/kafka/.m2/repository/org/mockito/mockito-core/2.23.4/mockito-core-2.23.4.jar:/home/kafka/.m2/repository/net/bytebuddy/byte-buddy/1.9.5/byte-buddy-1.9.5.jar:/home/kafka/.m2/repository/net/bytebuddy/byte-buddy-agent/1.9.5/byte-buddy-agent-1.9.5.jar:/home/kafka/.m2/repository/org/objenesis/objenesis/2.6/objenesis-2.6.jar:/home/kafka/.m2/repository/org/hamcrest/hamcrest-core/1.3/hamcrest-core-1.3.jar:/home/kafka/.m2/repository/org/hamcrest/hamcrest-library/1.3/hamcrest-library-1.3.jar:/home/kafka/.m2/repository/org/skyscreamer/jsonassert/1.5.0/jsonassert-1.5.0.jar:/home/kafka/.m2/repository/com/vaadin/external/google/android-json/0.0.20131108.vaadin1/android-json-0.0.20131108.vaadin1.jar:/home/kafka/.m2/repository/org/springframework/spring-core/5.1.3.RELEASE/spring-core-5.1.3.RELEASE.jar:/home/kafka/.m2/repository/org/springframework/spring-jcl/5.1.3.RELEASE/spring-jcl-5.1.3.RELEASE.jar:/home/kafka/.m2/repository/org/springframework/spring-test/5.1.3.RELEASE/spring-test-5.1.3.RELEASE.jar:/home/kafka/.m2/repository/org/xmlunit/xmlunit-core/2.6.2/xmlunit-core-2.6.2.jar:/home/kafka/.m2/repository/javax/xml/bind/jaxb-api/2.3.1/jaxb-api-2.3.1.jar:/home/kafka/.m2/repository/javax/activation/javax.activation-api/1.2.0/javax.activation-api-1.2.0.jar:/home/kafka/.m2/repository/org/springframework/boot/spring-boot-devtools/2.1.1.RELEASE/spring-boot-devtools-2.1.1.RELEASE.jar:/home/kafka/.m2/repository/org/springframework/boot/spring-boot/2.1.1.RELEASE/spring-boot-2.1.1.RELEASE.jar:/home/kafka/.m2/repository/org/springframework/boot/spring-boot-autoconfigure/2.1.1.RELEASE/spring-boot-autoconfigure-2.1.1.RELEASE.jar:/home/kafka/.m2/repository/com/googlecode/json-simple/json-simple/1.1.1/json-simple-1.1.1.jar:"/>
    <property name="java.vm.vendor" value="Oracle Corporation"/>
    <property name="sun.arch.data.model" value="64"/>
    <property name="java.vendor.url" value="http://java.oracle.com/"/>
    <property name="user.timezone" value=""/>
    <property name="java.vm.specification.version" value="10"/>
    <property name="os.name" value="Linux"/>
    <property name="sun.java.launcher" value="SUN_STANDARD"/>
    <property name="user.country" value="US"/>
    <property name="sun.boot.library.path" value="/usr/lib/jvm/java-11-openjdk-amd64/lib"/>
    <property name="sun.java.command" value="/home/kafka/Documents/ws/periodservice/target/surefire/surefirebooter498094537545328868.jar /home/kafka/Documents/ws/periodservice/target/surefire 2018-12-04T11-48-30_208-jvmRun1 surefire6703866548388078175tmp surefire_05798115248797731053tmp"/>
    <property name="jdk.debug" value="release"/>
    <property name="surefire.test.class.path" value="/home/kafka/Documents/ws/periodservice/target/test-classes:/home/kafka/Documents/ws/periodservice/target/classes:/home/kafka/.m2/repository/org/springframework/boot/spring-boot-starter-web/2.1.1.RELEASE/spring-boot-starter-web-2.1.1.RELEASE.jar:/home/kafka/.m2/repository/org/springframework/boot/spring-boot-starter/2.1.1.RELEASE/spring-boot-starter-2.1.1.RELEASE.jar:/home/kafka/.m2/repository/org/springframework/boot/spring-boot-starter-logging/2.1.1.RELEASE/spring-boot-starter-logging-2.1.1.RELEASE.jar:/home/kafka/.m2/repository/ch/qos/logback/logback-classic/1.2.3/logback-classic-1.2.3.jar:/home/kafka/.m2/repository/ch/qos/logback/logback-core/1.2.3/logback-core-1.2.3.jar:/home/kafka/.m2/repository/org/apache/logging/log4j/log4j-to-slf4j/2.11.1/log4j-to-slf4j-2.11.1.jar:/home/kafka/.m2/repository/org/apache/logging/log4j/log4j-api/2.11.1/log4j-api-2.11.1.jar:/home/kafka/.m2/repository/org/slf4j/jul-to-slf4j/1.7.25/jul-to-slf4j-1.7.25.jar:/home/kafka/.m2/repository/javax/annotation/javax.annotation-api/1.3.2/javax.annotation-api-1.3.2.jar:/home/kafka/.m2/repository/org/yaml/snakeyaml/1.23/snakeyaml-1.23.jar:/home/kafka/.m2/repository/org/springframework/boot/spring-boot-starter-json/2.1.1.RELEASE/spring-boot-starter-json-2.1.1.RELEASE.jar:/home/kafka/.m2/repository/com/fasterxml/jackson/core/jackson-databind/2.9.7/jackson-databind-2.9.7.jar:/home/kafka/.m2/repository/com/fasterxml/jackson/core/jackson-annotations/2.9.0/jackson-annotations-2.9.0.jar:/home/kafka/.m2/repository/com/fasterxml/jackson/core/jackson-core/2.9.7/jackson-core-2.9.7.jar:/home/kafka/.m2/repository/com/fasterxml/jackson/datatype/jackson-datatype-jdk8/2.9.7/jackson-datatype-jdk8-2.9.7.jar:/home/kafka/.m2/repository/com/fasterxml/jackson/datatype/jackson-datatype-jsr310/2.9.7/jackson-datatype-jsr310-2.9.7.jar:/home/kafka/.m2/repository/com/fasterxml/jackson/module/jackson-module-parameter-names/2.9.7/jackson-module-parameter-names-2.9.7.jar:/home/kafka/.m2/repository/org/springframework/boot/spring-boot-starter-tomcat/2.1.1.RELEASE/spring-boot-starter-tomcat-2.1.1.RELEASE.jar:/home/kafka/.m2/repository/org/apache/tomcat/embed/tomcat-embed-core/9.0.13/tomcat-embed-core-9.0.13.jar:/home/kafka/.m2/repository/org/apache/tomcat/embed/tomcat-embed-el/9.0.13/tomcat-embed-el-9.0.13.jar:/home/kafka/.m2/repository/org/apache/tomcat/embed/tomcat-embed-websocket/9.0.13/tomcat-embed-websocket-9.0.13.jar:/home/kafka/.m2/repository/org/hibernate/validator/hibernate-validator/6.0.13.Final/hibernate-validator-6.0.13.Final.jar:/home/kafka/.m2/repository/javax/validation/validation-api/2.0.1.Final/validation-api-2.0.1.Final.jar:/home/kafka/.m2/repository/org/jboss/logging/jboss-logging/3.3.2.Final/jboss-logging-3.3.2.Final.jar:/home/kafka/.m2/repository/com/fasterxml/classmate/1.4.0/classmate-1.4.0.jar:/home/kafka/.m2/repository/org/springframework/spring-web/5.1.3.RELEASE/spring-web-5.1.3.RELEASE.jar:/home/kafka/.m2/repository/org/springframework/spring-beans/5.1.3.RELEASE/spring-beans-5.1.3.RELEASE.jar:/home/kafka/.m2/repository/org/springframework/spring-webmvc/5.1.3.RELEASE/spring-webmvc-5.1.3.RELEASE.jar:/home/kafka/.m2/repository/org/springframework/spring-aop/5.1.3.RELEASE/spring-aop-5.1.3.RELEASE.jar:/home/kafka/.m2/repository/org/springframework/spring-context/5.1.3.RELEASE/spring-context-5.1.3.RELEASE.jar:/home/kafka/.m2/repository/org/springframework/spring-expression/5.1.3.RELEASE/spring-expression-5.1.3.RELEASE.jar:/home/kafka/.m2/repository/org/springframework/boot/spring-boot-starter-test/2.1.1.RELEASE/spring-boot-starter-test-2.1.1.RELEASE.jar:/home/kafka/.m2/repository/org/springframework/boot/spring-boot-test/2.1.1.RELEASE/spring-boot-test-2.1.1.RELEASE.jar:/home/kafka/.m2/repository/org/springframework/boot/spring-boot-test-autoconfigure/2.1.1.RELEASE/spring-boot-test-autoconfigure-2.1.1.RELEASE.jar:/home/kafka/.m2/repository/com/jayway/jsonpath/json-path/2.4.0/json-path-2.4.0.jar:/home/kafka/.m2/repository/net/minidev/json-smart/2.3/json-smart-2.3.jar:/home/kafka/.m2/repository/net/minidev/accessors-smart/1.2/accessors-smart-1.2.jar:/home/kafka/.m2/repository/org/ow2/asm/asm/5.0.4/asm-5.0.4.jar:/home/kafka/.m2/repository/org/slf4j/slf4j-api/1.7.25/slf4j-api-1.7.25.jar:/home/kafka/.m2/repository/junit/junit/4.12/junit-4.12.jar:/home/kafka/.m2/repository/org/assertj/assertj-core/3.11.1/assertj-core-3.11.1.jar:/home/kafka/.m2/repository/org/mockito/mockito-core/2.23.4/mockito-core-2.23.4.jar:/home/kafka/.m2/repository/net/bytebuddy/byte-buddy/1.9.5/byte-buddy-1.9.5.jar:/home/kafka/.m2/repository/net/bytebuddy/byte-buddy-agent/1.9.5/byte-buddy-agent-1.9.5.jar:/home/kafka/.m2/repository/org/objenesis/objenesis/2.6/objenesis-2.6.jar:/home/kafka/.m2/repository/org/hamcrest/hamcrest-core/1.3/hamcrest-core-1.3.jar:/home/kafka/.m2/repository/org/hamcrest/hamcrest-library/1.3/hamcrest-library-1.3.jar:/home/kafka/.m2/repository/org/skyscreamer/jsonassert/1.5.0/jsonassert-1.5.0.jar:/home/kafka/.m2/repository/com/vaadin/external/google/android-json/0.0.20131108.vaadin1/android-json-0.0.20131108.vaadin1.jar:/home/kafka/.m2/repository/org/springframework/spring-core/5.1.3.RELEASE/spring-core-5.1.3.RELEASE.jar:/home/kafka/.m2/repository/org/springframework/spring-jcl/5.1.3.RELEASE/spring-jcl-5.1.3.RELEASE.jar:/home/kafka/.m2/repository/org/springframework/spring-test/5.1.3.RELEASE/spring-test-5.1.3.RELEASE.jar:/home/kafka/.m2/repository/org/xmlunit/xmlunit-core/2.6.2/xmlunit-core-2.6.2.jar:/home/kafka/.m2/repository/javax/xml/bind/jaxb-api/2.3.1/jaxb-api-2.3.1.jar:/home/kafka/.m2/repository/javax/activation/javax.activation-api/1.2.0/javax.activation-api-1.2.0.jar:/home/kafka/.m2/repository/org/springframework/boot/spring-boot-devtools/2.1.1.RELEASE/spring-boot-devtools-2.1.1.RELEASE.jar:/home/kafka/.m2/repository/org/springframework/boot/spring-boot/2.1.1.RELEASE/spring-boot-2.1.1.RELEASE.jar:/home/kafka/.m2/repository/org/springframework/boot/spring-boot-autoconfigure/2.1.1.RELEASE/spring-boot-autoconfigure-2.1.1.RELEASE.jar:/home/kafka/.m2/repository/com/googlecode/json-simple/json-simple/1.1.1/json-simple-1.1.1.jar:"/>
    <property name="sun.cpu.endian" value="little"/>
    <property name="user.home" value="/home/kafka"/>
    <property name="user.language" value="en"/>
    <property name="java.specification.vendor" value="Oracle Corporation"/>
    <property name="java.version.date" value="2018-07-17"/>
    <property name="java.home" value="/usr/lib/jvm/java-11-openjdk-amd64"/>
    <property name="file.separator" value="/"/>
    <property name="basedir" value="/home/kafka/Documents/ws/periodservice"/>
    <property name="java.vm.compressedOopsMode" value="Zero based"/>
    <property name="line.separator" value="&#10;"/>
    <property name="java.specification.name" value="Java Platform API Specification"/>
    <property name="java.vm.specification.vendor" value="Oracle Corporation"/>
    <property name="java.awt.graphicsenv" value="sun.awt.X11GraphicsEnvironment"/>
    <property name="surefire.real.class.path" value="/home/kafka/Documents/ws/periodservice/target/surefire/surefirebooter498094537545328868.jar"/>
    <property name="sun.management.compiler" value="HotSpot 64-Bit Tiered Compilers"/>
    <property name="java.runtime.version" value="10.0.2+13-Ubuntu-1ubuntu0.18.04.4"/>
    <property name="user.name" value="kafka"/>
    <property name="path.separator" value=":"/>
    <property name="os.version" value="4.15.0-39-generic"/>
    <property name="java.runtime.name" value="OpenJDK Runtime Environment"/>
    <property name="file.encoding" value="UTF-8"/>
    <property name="java.vm.name" value="OpenJDK 64-Bit Server VM"/>
    <property name="localRepository" value="/home/kafka/.m2/repository"/>
    <property name="java.vendor.url.bug" value="http://bugreport.java.com/bugreport/"/>
    <property name="java.io.tmpdir" value="/tmp"/>
    <property name="java.version" value="10.0.2"/>
    <property name="user.dir" value="/home/kafka/Documents/ws/periodservice"/>
    <property name="os.arch" value="amd64"/>
    <property name="java.vm.specification.name" value="Java Virtual Machine Specification"/>
    <property name="java.awt.printerjob" value="sun.print.PSPrinterJob"/>
    <property name="sun.os.patch.level" value="unknown"/>
    <property name="java.library.path" value="/usr/java/packages/lib:/usr/lib/x86_64-linux-gnu/jni:/lib/x86_64-linux-gnu:/usr/lib/x86_64-linux-gnu:/usr/lib/jni:/lib:/usr/lib"/>
    <property name="java.vendor" value="Oracle Corporation"/>
    <property name="java.vm.info" value="mixed mode"/>
    <property name="java.vm.version" value="10.0.2+13-Ubuntu-1ubuntu0.18.04.4"/>
    <property name="sun.io.unicode.encoding" value="UnicodeLittle"/>
    <property name="java.class.version" value="54.0"/>
  </properties>
  <testcase name="contextLoads" classname="com.amway.periodservice.PeriodserviceApplicationTests" time="0.359"/>
</testsuite>